2018-04-11 14:45:30 - WARNING:[__init__.py] Environment variable PYMOTE_SETTINGS_MODULE is undefined, using global_settings.
2018-04-11 14:45:30 - DEBUG:[simulation.py] Simulation 0x10e7be68 created successfully.
2018-04-11 14:45:30 - DEBUG:[simulation.py] [MaxFind] Step 1 finished
2018-04-11 14:45:30 - DEBUG:[simulation.py] [MaxFind] Step 2 finished
2018-04-11 14:45:30 - DEBUG:[simulation.py] [MaxFind] Step 3 finished
2018-04-11 14:45:30 - DEBUG:[simulation.py] [MaxFind] Step 4 finished
2018-04-11 14:45:30 - DEBUG:[simulation.py] [MaxFind] Step 5 finished
2018-04-11 14:45:30 - DEBUG:[simulation.py] [MaxFind] Step 6 finished
2018-04-11 14:45:30 - DEBUG:[simulation.py] [MaxFind] Step 7 finished
2018-04-11 14:45:30 - DEBUG:[simulation.py] [MaxFind] Step 8 finished
2018-04-11 14:45:30 - DEBUG:[simulation.py] [MaxFind] Step 9 finished
2018-04-11 14:45:30 - DEBUG:[simulation.py] [MaxFind] Step 10 finished
2018-04-11 14:45:30 - DEBUG:[simulation.py] [MaxFind] Step 11 finished
2018-04-11 14:45:30 - DEBUG:[simulation.py] [MaxFind] Step 12 finished
2018-04-11 14:45:30 - DEBUG:[simulation.py] [MaxFind] Step 13 finished
2018-04-11 14:45:30 - DEBUG:[simulation.py] [MaxFind] Step 14 finished
2018-04-11 14:45:30 - DEBUG:[simulation.py] [MaxFind] Step 15 finished
2018-04-11 14:45:30 - DEBUG:[simulation.py] [MaxFind] Step 16 finished
2018-04-11 14:45:30 - DEBUG:[simulation.py] [MaxFind] Step 17 finished
2018-04-11 14:45:30 - DEBUG:[simulation.py] [MaxFind] Step 18 finished
2018-04-11 14:45:30 - DEBUG:[simulation.py] [MaxFind] Step 19 finished
2018-04-11 14:45:30 - DEBUG:[simulation.py] [MaxFind] Step 20 finished
2018-04-11 14:45:30 - DEBUG:[simulation.py] [MaxFind] Step 21 finished
2018-04-11 14:45:30 - DEBUG:[simulation.py] [MaxFind] Step 22 finished
2018-04-11 14:45:30 - DEBUG:[simulation.py] [MaxFind] Algorithm finished
2018-04-11 14:45:30 - INFO:[simulation.py] Simulation has finished. There are no algorithms left to run. To run it from the start use sim.reset().
2018-04-11 14:48:21 - WARNING:[__init__.py] Environment variable PYMOTE_SETTINGS_MODULE is undefined, using global_settings.
2018-04-11 14:48:21 - DEBUG:[simulation.py] Simulation 0x10fc3c88 created successfully.
2018-04-11 14:48:21 - DEBUG:[simulation.py] [MaxFind] Step 1 finished
2018-04-11 14:48:21 - DEBUG:[simulation.py] [MaxFind] Step 2 finished
2018-04-11 14:48:21 - DEBUG:[simulation.py] [MaxFind] Step 3 finished
2018-04-11 14:48:21 - DEBUG:[simulation.py] [MaxFind] Step 4 finished
2018-04-11 14:48:21 - DEBUG:[simulation.py] [MaxFind] Step 5 finished
2018-04-11 14:48:21 - DEBUG:[simulation.py] [MaxFind] Step 6 finished
2018-04-11 14:48:21 - DEBUG:[simulation.py] [MaxFind] Step 7 finished
2018-04-11 14:48:21 - DEBUG:[simulation.py] [MaxFind] Step 8 finished
2018-04-11 14:48:21 - DEBUG:[simulation.py] [MaxFind] Step 9 finished
2018-04-11 14:48:21 - DEBUG:[simulation.py] [MaxFind] Step 10 finished
2018-04-11 14:48:21 - DEBUG:[simulation.py] [MaxFind] Step 11 finished
2018-04-11 14:48:21 - DEBUG:[simulation.py] [MaxFind] Step 12 finished
2018-04-11 14:48:21 - DEBUG:[simulation.py] [MaxFind] Step 13 finished
2018-04-11 14:48:21 - DEBUG:[simulation.py] [MaxFind] Step 14 finished
2018-04-11 14:48:21 - DEBUG:[simulation.py] [MaxFind] Algorithm finished
2018-04-11 14:48:21 - INFO:[simulation.py] Simulation has finished. There are no algorithms left to run. To run it from the start use sim.reset().
